<?xml version="1.0" encoding="UTF-8"?>
<!-- Generated by org.testng.reporters.JUnitXMLReporter -->
<testsuite ignored="0" hostname="LAPTOP-2M6SULJS" failures="1" tests="1" name="Default test(failed)" time="37.095" errors="0" timestamp="2020-10-26T18:55:57 IST">
  <testcase classname="com.tb.profile.userPageSignUp" name="addRegistration" time="2.064">
    <failure type="java.lang.AssertionError" message="expected [200] but found [203]">
      <![CDATA[java.lang.AssertionError: expected [200] but found [203]
at com.tb.profile.userPageSignUp.addRegistration(userPageSignUp.java:60)
at java.base/java.util.ArrayList.forEach(ArrayList.java:1510)
... Removed 32 stack frames]]>
    </failure>
  </testcase> <!-- addRegistration -->
</testsuite> <!-- Default test(failed) -->
